<?xml version="1.0" encoding="UTF-8"?>
<!-- Generated by org.testng.reporters.JUnitReportReporter -->
<testsuite hostname="AWAISSULTAN" failures="0" tests="10" name="APITests" time="21.924" errors="0" timestamp="2025-05-21T12:09:50 PKT" skipped="0">
  <testcase classname="APITests" name="ValidateEmailFromList" time="1.244"/>
  <testcase classname="APITests" name="validatePerformance" time="1.339"/>
  <testcase classname="APITests" name="createUser" time="6.474"/>
  <testcase classname="APITests" name="deleteUser" time="1.208"/>
  <testcase classname="APITests" name="validateHeaders" time="1.050"/>
  <testcase classname="APITests" name="FirstAPITest" time="5.084"/>
  <testcase classname="APITests" name="SecondAPITest" time="0.918"/>
  <testcase classname="APITests" name="saveResponseToFile" time="0.979"/>
  <testcase classname="APITests" name="updateUser" time="1.597"/>
  <testcase classname="APITests" name="ValidateEmail" time="2.031"/>
</testsuite> <!-- APITests -->
